<?xml version="1.0" encoding="UTF-8"?>
<coverage generated="1726963142413" clover="3.2.0">
  <project timestamp="1726963142413" name="All files">
    <metrics statements="32" coveredstatements="23" conditionals="3" coveredconditionals="2" methods="11" coveredmethods="7" elements="46" coveredelements="32" complexity="0" loc="32" ncloc="32" packages="1" files="2" classes="2"/>
    <file name="authStore.ts" path="/home/leonardo/code/new-face/src/store/authStore.ts">
      <metrics statements="12" coveredstatements="8" conditionals="1" coveredconditionals="0" methods="4" coveredmethods="2"/>
      <line num="1" count="1" type="stmt"/>
      <line num="3" count="1" type="stmt"/>
      <line num="15" count="0" type="stmt"/>
      <line num="16" count="0" type="stmt"/>
      <line num="20" count="5" type="stmt"/>
      <line num="21" count="5" type="cond" truecount="0" falsecount="1"/>
      <line num="22" count="0" type="stmt"/>
      <line num="23" count="0" type="stmt"/>
      <line num="25" count="5" type="stmt"/>
      <line num="26" count="5" type="stmt"/>
      <line num="27" count="5" type="stmt"/>
      <line num="31" count="3" type="stmt"/>
    </file>
    <file name="index.ts" path="/home/leonardo/code/new-face/src/store/index.ts">
      <metrics statements="20" coveredstatements="15" conditionals="2" coveredconditionals="2" methods="7" coveredmethods="5"/>
      <line num="1" count="1" type="stmt"/>
      <line num="3" count="1" type="stmt"/>
      <line num="30" count="1" type="stmt"/>
      <line num="37" count="0" type="stmt"/>
      <line num="38" count="0" type="stmt"/>
      <line num="44" count="2" type="stmt"/>
      <line num="47" count="1" type="stmt"/>
      <line num="51" count="1" type="stmt"/>
      <line num="52" count="2" type="stmt"/>
      <line num="53" count="2" type="stmt"/>
      <line num="54" count="0" type="stmt"/>
      <line num="58" count="1" type="cond" truecount="2" falsecount="0"/>
      <line num="59" count="2" type="stmt"/>
      <line num="60" count="8" type="stmt"/>
      <line num="62" count="8" type="stmt"/>
      <line num="63" count="8" type="stmt"/>
      <line num="64" count="8" type="stmt"/>
      <line num="66" count="0" type="stmt"/>
      <line num="67" count="0" type="stmt"/>
      <line num="75" count="1" type="stmt"/>
    </file>
  </project>
</coverage>
