{"/home/leonardo/code/new-face/src/store/authStore.ts": {"path":"/home/leonardo/code/new-face/src/store/authStore.ts","statementMap":{"0":{"start":{"line":1,"column":0},"end":{"line":1,"column":33}},"1":{"start":{"line":3,"column":0},"end":{"line":34,"column":null}},"2":{"start":{"line":15,"column":35},"end":{"line":15,"column":42}},"3":{"start":{"line":16,"column":35},"end":{"line":16,"column":42}},"4":{"start":{"line":20,"column":24},"end":{"line":20,"column":81}},"5":{"start":{"line":21,"column":12},"end":{"line":24,"column":null}},"6":{"start":{"line":22,"column":16},"end":{"line":22,"column":null}},"7":{"start":{"line":23,"column":16},"end":{"line":23,"column":63}},"8":{"start":{"line":25,"column":12},"end":{"line":25,"column":null}},"9":{"start":{"line":26,"column":25},"end":{"line":26,"column":41}},"10":{"start":{"line":27,"column":12},"end":{"line":27,"column":31}},"11":{"start":{"line":31,"column":12},"end":{"line":31,"column":null}}},"fnMap":{"0":{"name":"(anonymous_1)","decl":{"start":{"line":15,"column":15},"end":{"line":15,"column":16}},"loc":{"start":{"line":15,"column":35},"end":{"line":15,"column":42}}},"1":{"name":"(anonymous_2)","decl":{"start":{"line":16,"column":15},"end":{"line":16,"column":16}},"loc":{"start":{"line":16,"column":35},"end":{"line":16,"column":42}}},"2":{"name":"(anonymous_3)","decl":{"start":{"line":19,"column":15},"end":{"line":19,"column":20}},"loc":{"start":{"line":19,"column":31},"end":{"line":29,"column":9}}},"3":{"name":"(anonymous_4)","decl":{"start":{"line":30,"column":16},"end":{"line":30,"column":21}},"loc":{"start":{"line":30,"column":32},"end":{"line":32,"column":9}}}},"branchMap":{"0":{"loc":{"start":{"line":21,"column":12},"end":{"line":24,"column":null}},"type":"if","locations":[{"start":{"line":21,"column":12},"end":{"line":24,"column":null}}]}},"s":{"0":1,"1":1,"2":0,"3":0,"4":5,"5":5,"6":0,"7":0,"8":5,"9":5,"10":5,"11":3},"f":{"0":0,"1":0,"2":5,"3":3},"b":{"0":[0]}}
,"/home/leonardo/code/new-face/src/store/index.ts": {"path":"/home/leonardo/code/new-face/src/store/index.ts","statementMap":{"0":{"start":{"line":1,"column":0},"end":{"line":1,"column":35}},"1":{"start":{"line":30,"column":16},"end":{"line":41,"column":4}},"2":{"start":{"line":37,"column":26},"end":{"line":37,"column":115}},"3":{"start":{"line":38,"column":8},"end":{"line":38,"column":null}},"4":{"start":{"line":44,"column":4},"end":{"line":44,"column":54}},"5":{"start":{"line":47,"column":18},"end":{"line":47,"column":null}},"6":{"start":{"line":51,"column":2},"end":{"line":56,"column":null}},"7":{"start":{"line":52,"column":27},"end":{"line":52,"column":42}},"8":{"start":{"line":53,"column":4},"end":{"line":55,"column":null}},"9":{"start":{"line":54,"column":6},"end":{"line":54,"column":null}},"10":{"start":{"line":58,"column":2},"end":{"line":71,"column":null}},"11":{"start":{"line":59,"column":4},"end":{"line":70,"column":null}},"12":{"start":{"line":60,"column":6},"end":{"line":60,"column":null}},"13":{"start":{"line":62,"column":6},"end":{"line":69,"column":null}},"14":{"start":{"line":63,"column":8},"end":{"line":63,"column":47}},"15":{"start":{"line":64,"column":8},"end":{"line":64,"column":60}},"16":{"start":{"line":66,"column":8},"end":{"line":66,"column":58}},"17":{"start":{"line":67,"column":8},"end":{"line":67,"column":56}},"18":{"start":{"line":75,"column":2},"end":{"line":86,"column":null}},"19":{"start":{"line":3,"column":0},"end":{"line":3,"column":24}}},"fnMap":{"0":{"name":"createTypedStore","decl":{"start":{"line":3,"column":24},"end":{"line":3,"column":40}},"loc":{"start":{"line":17,"column":5},"end":{"line":87,"column":1}}},"1":{"name":"(anonymous_1)","decl":{"start":{"line":33,"column":16},"end":{"line":33,"column":17}},"loc":{"start":{"line":36,"column":11},"end":{"line":39,"column":7}}},"2":{"name":"capitalize","decl":{"start":{"line":43,"column":11},"end":{"line":43,"column":21}},"loc":{"start":{"line":43,"column":33},"end":{"line":45,"column":3}}},"3":{"name":"(anonymous_3)","decl":{"start":{"line":51,"column":54},"end":{"line":51,"column":57}},"loc":{"start":{"line":51,"column":60},"end":{"line":56,"column":3}}},"4":{"name":"(anonymous_4)","decl":{"start":{"line":53,"column":38},"end":{"line":53,"column":39}},"loc":{"start":{"line":53,"column":53},"end":{"line":55,"column":5}}},"5":{"name":"(anonymous_5)","decl":{"start":{"line":58,"column":77},"end":{"line":58,"column":80}},"loc":{"start":{"line":58,"column":83},"end":{"line":71,"column":3}}},"6":{"name":"(anonymous_6)","decl":{"start":{"line":59,"column":19},"end":{"line":59,"column":24}},"loc":{"start":{"line":59,"column":30},"end":{"line":70,"column":5}}}},"branchMap":{"0":{"loc":{"start":{"line":58,"column":2},"end":{"line":71,"column":4}},"type":"binary-expr","locations":[{"start":{"line":58,"column":2},"end":{"line":58,"column":16}},{"start":{"line":58,"column":20},"end":{"line":71,"column":4}}]}},"s":{"0":1,"1":1,"2":0,"3":0,"4":2,"5":1,"6":1,"7":2,"8":2,"9":0,"10":1,"11":2,"12":8,"13":8,"14":8,"15":8,"16":0,"17":0,"18":1,"19":1},"f":{"0":1,"1":0,"2":2,"3":2,"4":0,"5":2,"6":8},"b":{"0":[1,1]}}
}
