TN:
SF:src/store/authStore.ts
FN:15,(anonymous_1)
FN:16,(anonymous_2)
FN:19,(anonymous_3)
FN:30,(anonymous_4)
FNF:4
FNH:2
FNDA:0,(anonymous_1)
FNDA:0,(anonymous_2)
FNDA:5,(anonymous_3)
FNDA:3,(anonymous_4)
DA:1,1
DA:3,1
DA:15,0
DA:16,0
DA:20,5
DA:21,5
DA:22,0
DA:23,0
DA:25,5
DA:26,5
DA:27,5
DA:31,3
LF:12
LH:8
BRDA:21,0,0,0
BRF:1
BRH:0
end_of_record
TN:
SF:src/store/index.ts
FN:3,createTypedStore
FN:33,(anonymous_1)
FN:43,capitalize
FN:51,(anonymous_3)
FN:53,(anonymous_4)
FN:58,(anonymous_5)
FN:59,(anonymous_6)
FNF:7
FNH:5
FNDA:1,createTypedStore
FNDA:0,(anonymous_1)
FNDA:2,capitalize
FNDA:2,(anonymous_3)
FNDA:0,(anonymous_4)
FNDA:2,(anonymous_5)
FNDA:8,(anonymous_6)
DA:1,1
DA:3,1
DA:30,1
DA:37,0
DA:38,0
DA:44,2
DA:47,1
DA:51,1
DA:52,2
DA:53,2
DA:54,0
DA:58,1
DA:59,2
DA:60,8
DA:62,8
DA:63,8
DA:64,8
DA:66,0
DA:67,0
DA:75,1
LF:20
LH:15
BRDA:58,0,0,1
BRDA:58,0,1,1
BRF:2
BRH:2
end_of_record
